<?xml version="1.0" encoding="UTF-8"?>
<!-- Generated by org.testng.reporters.JUnitReportReporter -->
<testsuite skipped="0" hostname="Mounikas-Air.hitronhub.home" name="com.Aequilibrium.testcases.LoginPageTest" tests="1" failures="0" timestamp="04 Nov 2019 17:19:18 GMT" time="14.504" errors="0">
  <testcase name="LoginTest" time="14.504" classname="com.Aequilibrium.testcases.LoginPageTest"/>
</testsuite> <!-- com.Aequilibrium.testcases.LoginPageTest -->
