<?xml version="1.0" encoding="UTF-8"?>
<!-- Generated by org.testng.reporters.JUnitReportReporter -->
<testsuite skipped="8" hostname="Mounikas-Air.hitronhub.home" name="com.Aequilibrium.testcases.LoginPageTest" tests="9" failures="0" timestamp="05 Nov 2019 01:07:18 GMT" time="0.014" errors="1">
  <testcase name="setUp" time="0.013" classname="com.Aequilibrium.testcases.LoginPageTest">
    <error type="java.lang.NullPointerException">
      <![CDATA[java.lang.NullPointerException
	at com.qa.base.BasePage.init_driver(BasePage.java:35)
	at com.Aequilibrium.testcases.LoginPageTest.setUp(LoginPageTest.java:25)
	at sun.reflect.NativeMethodAccessorImpl.invoke0(Native Method)
	at sun.reflect.NativeMethodAccessorImpl.invoke(NativeMethodAccessorImpl.java:62)
	at sun.reflect.DelegatingMethodAccessorImpl.invoke(DelegatingMethodAccessorImpl.java:43)
	at java.lang.reflect.Method.invoke(Method.java:498)
	at org.testng.internal.MethodInvocationHelper.invokeMethod(MethodInvocationHelper.java:108)
	at org.testng.internal.Invoker.invokeConfigurationMethod(Invoker.java:523)
	at org.testng.internal.Invoker.invokeConfigurations(Invoker.java:224)
	at org.testng.internal.Invoker.invokeMethod(Invoker.java:599)
	at org.testng.internal.Invoker.invokeTestMethod(Invoker.java:869)
	at org.testng.internal.Invoker.invokeTestMethods(Invoker.java:1193)
	at org.testng.internal.TestMethodWorker.invokeTestMethods(TestMethodWorker.java:126)
	at org.testng.internal.TestMethodWorker.run(TestMethodWorker.java:109)
	at org.testng.TestRunner.privateRun(TestRunner.java:744)
	at org.testng.TestRunner.run(TestRunner.java:602)
	at org.testng.SuiteRunner.runTest(SuiteRunner.java:380)
	at org.testng.SuiteRunner.access$000(SuiteRunner.java:39)
	at org.testng.SuiteRunner$SuiteWorker.run(SuiteRunner.java:414)
	at org.testng.internal.thread.ThreadUtil$1.call(ThreadUtil.java:52)
	at java.util.concurrent.FutureTask.run(FutureTask.java:266)
	at java.util.concurrent.ThreadPoolExecutor.runWorker(ThreadPoolExecutor.java:1149)
	at java.util.concurrent.ThreadPoolExecutor$Worker.run(ThreadPoolExecutor.java:624)
	at java.lang.Thread.run(Thread.java:748)
]]>
    </error>
  </testcase> <!-- setUp -->
  <testcase name="LoginTest" time="0.001" classname="com.Aequilibrium.testcases.LoginPageTest">
    <skipped/>
  </testcase> <!-- LoginTest -->
  <testcase name="LoginTestWithInvalidPassword" time="0.000" classname="com.Aequilibrium.testcases.LoginPageTest">
    <skipped/>
  </testcase> <!-- LoginTestWithInvalidPassword -->
  <testcase name="LoginTestWithInvalidUsername" time="0.000" classname="com.Aequilibrium.testcases.LoginPageTest">
    <skipped/>
  </testcase> <!-- LoginTestWithInvalidUsername -->
  <testcase name="LoginTestWithInvalidUsernamePassword" time="0.000" classname="com.Aequilibrium.testcases.LoginPageTest">
    <skipped/>
  </testcase> <!-- LoginTestWithInvalidUsernamePassword -->
  <testcase name="LoginTestWithBlankUsernamePassword" time="0.000" classname="com.Aequilibrium.testcases.LoginPageTest">
    <skipped/>
  </testcase> <!-- LoginTestWithBlankUsernamePassword -->
  <testcase name="LoginTestWithASpaceInUsernameAndPassword" time="0.000" classname="com.Aequilibrium.testcases.LoginPageTest">
    <skipped/>
  </testcase> <!-- LoginTestWithASpaceInUsernameAndPassword -->
  <testcase name="LoginTestWithNoUsername" time="0.000" classname="com.Aequilibrium.testcases.LoginPageTest">
    <skipped/>
  </testcase> <!-- LoginTestWithNoUsername -->
  <testcase name="LoginTestWithNoPassword" time="0.000" classname="com.Aequilibrium.testcases.LoginPageTest">
    <skipped/>
  </testcase> <!-- LoginTestWithNoPassword -->
</testsuite> <!-- com.Aequilibrium.testcases.LoginPageTest -->
